Determining if the pthread_create exist failed with the following output:
Change Dir: /home/peter/control-test/build/CMakeFiles/CMakeTmp

Run Build Command:/usr/bin/make "cmTryCompileExec3007628841/fast"
/usr/bin/make -f CMakeFiles/cmTryCompileExec3007628841.dir/build.make CMakeFiles/cmTryCompileExec3007628841.dir/build
make[1]: Entering directory `/home/peter/control-test/build/CMakeFiles/CMakeTmp'
/usr/bin/cmake -E cmake_progress_report /home/peter/control-test/build/CMakeFiles/CMakeTmp/CMakeFiles 1
Building C object CMakeFiles/cmTryCompileExec3007628841.dir/CheckSymbolExists.c.o
/usr/bin/cc    -o CMakeFiles/cmTryCompileExec3007628841.dir/CheckSymbolExists.c.o   -c /home/peter/control-test/build/CMakeFiles/CMakeTmp/CheckSymbolExists.c
Linking C executable cmTryCompileExec3007628841
/usr/bin/cmake -E cmake_link_script CMakeFiles/cmTryCompileExec3007628841.dir/link.txt --verbose=1
/usr/bin/cc       CMakeFiles/cmTryCompileExec3007628841.dir/CheckSymbolExists.c.o  -o cmTryCompileExec3007628841 -rdynamic 
CMakeFiles/cmTryCompileExec3007628841.dir/CheckSymbolExists.c.o: In function `main':
CheckSymbolExists.c:(.text+0x16): undefined reference to `pthread_create'
collect2: error: ld returned 1 exit status
make[1]: Leaving directory `/home/peter/control-test/build/CMakeFiles/CMakeTmp'
make[1]: *** [cmTryCompileExec3007628841] Error 1
make: *** [cmTryCompileExec3007628841/fast] Error 2

File /home/peter/control-test/build/CMakeFiles/CMakeTmp/CheckSymbolExists.c:
/* */
#include <pthread.h>

int main(int argc, char** argv)
{
  (void)argv;
#ifndef pthread_create
  return ((int*)(&pthread_create))[argc];
#else
  (void)argc;
  return 0;
#endif
}

Determining if the function pthread_create exists in the pthreads failed with the following output:
Change Dir: /home/peter/control-test/build/CMakeFiles/CMakeTmp

Run Build Command:/usr/bin/make "cmTryCompileExec1176555121/fast"
/usr/bin/make -f CMakeFiles/cmTryCompileExec1176555121.dir/build.make CMakeFiles/cmTryCompileExec1176555121.dir/build
make[1]: Entering directory `/home/peter/control-test/build/CMakeFiles/CMakeTmp'
/usr/bin/cmake -E cmake_progress_report /home/peter/control-test/build/CMakeFiles/CMakeTmp/CMakeFiles 1
Building C object CMakeFiles/cmTryCompileExec1176555121.dir/CheckFunctionExists.c.o
/usr/bin/cc   -DCHECK_FUNCTION_EXISTS=pthread_create   -o CMakeFiles/cmTryCompileExec1176555121.dir/CheckFunctionExists.c.o   -c /usr/share/cmake-2.8/Modules/CheckFunctionExists.c
Linking C executable cmTryCompileExec1176555121
/usr/bin/cmake -E cmake_link_script CMakeFiles/cmTryCompileExec1176555121.dir/link.txt --verbose=1
/usr/bin/cc   -DCHECK_FUNCTION_EXISTS=pthread_create    CMakeFiles/cmTryCompileExec1176555121.dir/CheckFunctionExists.c.o  -o cmTryCompileExec1176555121 -rdynamic -lpthreads 
/usr/bin/ld: cannot find -lpthreads
collect2: error: ld returned 1 exit status
make[1]: *** [cmTryCompileExec1176555121] Error 1
make[1]: Leaving directory `/home/peter/control-test/build/CMakeFiles/CMakeTmp'
make: *** [cmTryCompileExec1176555121/fast] Error 2


